-------------------------------------------------------------------------------
Test set: br.com.cassiogamarra.gerenciamentodefornecedores.GerenciamentoDeFornecedoresApplicationTests
-------------------------------------------------------------------------------
Tests run: 1, Failures: 0, Errors: 1, Skipped: 0, Time elapsed: 7.426 s <<< FAILURE! - in br.com.cassiogamarra.gerenciamentodefornecedores.GerenciamentoDeFornecedoresApplicationTests
contextLoads  Time elapsed: 0.003 s  <<< ERROR!
java.lang.IllegalStateException: Failed to load ApplicationContext
Caused by: org.springframework.beans.factory.UnsatisfiedDependencyException: Error creating bean with name 'tipoFornecedorController' defined in file [/home/jhonatan/Documentos/github/gerenciamento-de-fornecedores/target/classes/br/com/cassiogamarra/gerenciamentodefornecedores/controller/TipoFornecedorController.class]: Unsatisfied dependency expressed through constructor parameter 0; nested exception is org.springframework.beans.factory.BeanCreationException: Error creating bean with name 'tipoFornecedorService' defined in file [/home/jhonatan/Documentos/github/gerenciamento-de-fornecedores/target/classes/br/com/cassiogamarra/gerenciamentodefornecedores/service/TipoFornecedorService.class]: Bean instantiation via constructor failed; nested exception is org.springframework.beans.BeanInstantiationException: Failed to instantiate [br.com.cassiogamarra.gerenciamentodefornecedores.service.TipoFornecedorService]: Constructor threw exception; nested exception is java.lang.ExceptionInInitializerError
Caused by: org.springframework.beans.factory.BeanCreationException: Error creating bean with name 'tipoFornecedorService' defined in file [/home/jhonatan/Documentos/github/gerenciamento-de-fornecedores/target/classes/br/com/cassiogamarra/gerenciamentodefornecedores/service/TipoFornecedorService.class]: Bean instantiation via constructor failed; nested exception is org.springframework.beans.BeanInstantiationException: Failed to instantiate [br.com.cassiogamarra.gerenciamentodefornecedores.service.TipoFornecedorService]: Constructor threw exception; nested exception is java.lang.ExceptionInInitializerError
Caused by: org.springframework.beans.BeanInstantiationException: Failed to instantiate [br.com.cassiogamarra.gerenciamentodefornecedores.service.TipoFornecedorService]: Constructor threw exception; nested exception is java.lang.ExceptionInInitializerError
Caused by: java.lang.ExceptionInInitializerError
Caused by: java.lang.RuntimeException: java.lang.ClassNotFoundException: Cannot find implementation for br.com.cassiogamarra.gerenciamentodefornecedores.mapper.TipoFornecedorMapper
Caused by: java.lang.ClassNotFoundException: Cannot find implementation for br.com.cassiogamarra.gerenciamentodefornecedores.mapper.TipoFornecedorMapper

